[debug] [2022-04-13T09:54:52.171Z] ----------------------------------------------------------------------
[debug] [2022-04-13T09:54:52.174Z] Command:       C:\Program Files\nodejs\node.exe C:\Users\rimay\AppData\Roaming\npm\node_modules\firebase-tools\lib\bin\firebase.js init
[debug] [2022-04-13T09:54:52.174Z] CLI Version:   10.6.0
[debug] [2022-04-13T09:54:52.174Z] Platform:      win32
[debug] [2022-04-13T09:54:52.175Z] Node Version:  v16.14.0
[debug] [2022-04-13T09:54:52.179Z] Time:          Wed Apr 13 2022 01:54:52 GMT-0800 (hora de verano de Alaska)
[debug] [2022-04-13T09:54:52.179Z] ----------------------------------------------------------------------
[debug] 
[debug] [2022-04-13T09:54:52.187Z] > command requires scopes: ["email","openid","https://www.googleapis.com/auth/cloudplatformprojects.readonly","https://www.googleapis.com/auth/firebase","https://www.googleapis.com/auth/cloud-platform"]
[debug] [2022-04-13T09:54:52.187Z] > authorizing via signed-in user (rimaylu@gmail.com)
[info] 
     ######## #### ########  ######## ########     ###     ######  ########
     ##        ##  ##     ## ##       ##     ##  ##   ##  ##       ##
     ######    ##  ########  ######   ########  #########  ######  ######
     ##        ##  ##    ##  ##       ##     ## ##     ##       ## ##
     ##       #### ##     ## ######## ########  ##     ##  ######  ########

You're about to initialize a Firebase project in this directory:

  C:\Users\rimay\OneDrive\Escritorio\web responsive\pag-html-css-java\AppReact-Amazon.fitness

[info] 
=== Project Setup
[info] 
[info] First, let's associate this project directory with a Firebase project.
[info] You can create multiple project aliases by running firebase use --add, 
[info] but for now we'll just set up a default project.
[info] 
[debug] [2022-04-13T09:58:37.654Z] >>> [apiv2][query] GET https://firebase.googleapis.com/v1beta1/projects pageSize=100
[debug] [2022-04-13T09:58:50.746Z] Failed to make request to https://firebase.googleapis.com/v1beta1/projects?pageSize=100
[debug] [2022-04-13T09:58:56.357Z] FirebaseError: Failed to make request to https://firebase.googleapis.com/v1beta1/projects?pageSize=100
    at RetryOperation._fn (C:\Users\rimay\AppData\Roaming\npm\node_modules\firebase-tools\lib\apiv2.js:240:31)
    at processTicksAndRejections (node:internal/process/task_queues:96:5)
[error] 
[error] Error: Failed to list Firebase projects. See firebase-debug.log for more info.
[debug] [2022-04-13T10:02:36.203Z] ----------------------------------------------------------------------
[debug] [2022-04-13T10:02:36.204Z] Command:       C:\Program Files\nodejs\node.exe C:\Users\rimay\AppData\Roaming\npm\node_modules\firebase-tools\lib\bin\firebase.js init
[debug] [2022-04-13T10:02:36.205Z] CLI Version:   10.6.0
[debug] [2022-04-13T10:02:36.205Z] Platform:      win32
[debug] [2022-04-13T10:02:36.205Z] Node Version:  v16.14.0
[debug] [2022-04-13T10:02:36.213Z] Time:          Wed Apr 13 2022 02:02:36 GMT-0800 (hora de verano de Alaska)
[debug] [2022-04-13T10:02:36.213Z] ----------------------------------------------------------------------
[debug] 
[debug] [2022-04-13T10:02:36.221Z] > command requires scopes: ["email","openid","https://www.googleapis.com/auth/cloudplatformprojects.readonly","https://www.googleapis.com/auth/firebase","https://www.googleapis.com/auth/cloud-platform"]
[debug] [2022-04-13T10:02:36.221Z] > authorizing via signed-in user (rimaylu@gmail.com)
[info] 
     ######## #### ########  ######## ########     ###     ######  ########
     ##        ##  ##     ## ##       ##     ##  ##   ##  ##       ##
     ######    ##  ########  ######   ########  #########  ######  ######
     ##        ##  ##    ##  ##       ##     ## ##     ##       ## ##
     ##       #### ##     ## ######## ########  ##     ##  ######  ########

You're about to initialize a Firebase project in this directory:

  C:\Users\rimay\OneDrive\Escritorio\web responsive\pag-html-css-java\AppReact-Amazon.fitness

[info] 
=== Project Setup
[info] 
[info] First, let's associate this project directory with a Firebase project.
[info] You can create multiple project aliases by running firebase use --add, 
[info] but for now we'll just set up a default project.
[info] 
[debug] [2022-04-13T10:03:40.571Z] >>> [apiv2][query] GET https://firebase.googleapis.com/v1beta1/projects pageSize=100
[debug] [2022-04-13T10:03:44.916Z] <<< [apiv2][status] GET https://firebase.googleapis.com/v1beta1/projects 200
[debug] [2022-04-13T10:03:44.917Z] <<< [apiv2][body] GET https://firebase.googleapis.com/v1beta1/projects [omitted]
[info] i  Using project a-fitness---appreact (Amazona Fitness - AppReact) 
[info] 
=== Hosting Setup
[info] 
[info] Your public directory is the folder (relative to your project directory) that
[info] will contain Hosting assets to be uploaded with firebase deploy. If you
[info] have a build process for your assets, use your build's output directory.
[info] 
[debug] [2022-04-13T10:05:12.508Z] >>> [apiv2][query] GET https://www.gstatic.com/firebasejs/releases.json [none]
[debug] [2022-04-13T10:05:16.007Z] <<< [apiv2][status] GET https://www.gstatic.com/firebasejs/releases.json 200
[debug] [2022-04-13T10:05:16.008Z] <<< [apiv2][body] GET https://www.gstatic.com/firebasejs/releases.json {"current":{"version":"9.6.10","browserURL":"https://www.gstatic.com/firebasejs/9.6.10/firebase.js","packageURL":"https://www.gstatic.com/firebasejs/9.6.10/firebase.tgz"},"live":{"version":"9.6","browserURL":"https://www.gstatic.com/firebasejs/live/9.6/firebase.js","packageURL":"https://www.gstatic.com/firebasejs/live/9.6/firebase.tgz"},"components":{"analytics":"https://www.gstatic.com/firebasejs/9.6.10/firebase-analytics.js","app":"https://www.gstatic.com/firebasejs/9.6.10/firebase-app.js","app-check":"https://www.gstatic.com/firebasejs/9.6.10/firebase-app-check.js","auth":"https://www.gstatic.com/firebasejs/9.6.10/firebase-auth.js","auth/cordova":"https://www.gstatic.com/firebasejs/9.6.10/firebase-auth/cordova.js","auth/react-native":"https://www.gstatic.com/firebasejs/9.6.10/firebase-auth/react-native.js","functions":"https://www.gstatic.com/firebasejs/9.6.10/firebase-functions.js","firestore":"https://www.gstatic.com/firebasejs/9.6.10/firebase-firestore.js","firestore/lite":"https://www.gstatic.com/firebasejs/9.6.10/firebase-firestore/lite.js","storage":"https://www.gstatic.com/firebasejs/9.6.10/firebase-storage.js","performance":"https://www.gstatic.com/firebasejs/9.6.10/firebase-performance.js","remote-config":"https://www.gstatic.com/firebasejs/9.6.10/firebase-remote-config.js","messaging":"https://www.gstatic.com/firebasejs/9.6.10/firebase-messaging.js","messaging/sw":"https://www.gstatic.com/firebasejs/9.6.10/firebase-messaging/sw.js","database":"https://www.gstatic.com/firebasejs/9.6.10/firebase-database.js","firestore.memory":"https://www.gstatic.com/firebasejs/9.6.10/firebase-firestore.memory.js"}}
[info] +  Wrote public/index.html 
[info] 
[info] i  Detected a .git folder at C:\Users\rimay\OneDrive\Escritorio\web responsive\pag-html-css-java\AppReact-Amazon.fitness 
[info] i  Authorizing with GitHub to upload your service account to a GitHub repository's secrets store. 
[info] 
[info] Visit this URL on this device to log in:
[info] https://github.com/login/oauth/authorize?client_id=89cf50f02ac6aaed3484&state=188024563&redirect_uri=http%3A%2F%2Flocalhost%3A9005&scope=read%3Auser%20repo%20public_repo
[info] 
[info] Waiting for authentication...
[debug] [2022-04-13T10:06:14.040Z] >>> HTTP REQUEST POST https://github.com/login/oauth/access_token  
 {"client_id":"89cf50f02ac6aaed3484","client_secret":"3330d14abc895d9a74d5f17cd7a00711fa2c5bf0","code":"01186707b12d4ebb2bdb","redirect_uri":"http://localhost:9005","state":"188024563"}
[debug] [2022-04-13T10:06:22.240Z] <<< HTTP RESPONSE 200 {"server":"GitHub.com","date":"Wed, 13 Apr 2022 10:06:22 GMT","content-type":"application/json; charset=utf-8","transfer-encoding":"chunked","vary":"X-PJAX, X-PJAX-Container, Accept-Encoding, Accept, X-Requested-With","permissions-policy":"interest-cohort=()","etag":"W/\"e649734098e8455c330dacb5740bffe3\"","cache-control":"max-age=0, private, must-revalidate","strict-transport-security":"max-age=31536000; includeSubdomains; preload","x-frame-options":"deny","x-content-type-options":"nosniff","x-xss-protection":"0","referrer-policy":"origin-when-cross-origin, strict-origin-when-cross-origin","expect-ct":"max-age=2592000, report-uri=\"https://api.github.com/_private/browser/errors\"","content-security-policy":"default-src 'none'; base-uri 'self'; block-all-mixed-content; child-src github.com/assets-cdn/worker/ gist.github.com/assets-cdn/worker/; connect-src 'self' uploads.github.com objects-origin.githubusercontent.com www.githubstatus.com collector.github.com raw.githubusercontent.com api.github.com github-cloud.s3.amazonaws.com github-production-repository-file-5c1aeb.s3.amazonaws.com github-production-upload-manifest-file-7fdce7.s3.amazonaws.com github-production-user-asset-6210df.s3.amazonaws.com cdn.optimizely.com logx.optimizely.com/v1/events translator.github.com *.actions.githubusercontent.com wss://*.actions.githubusercontent.com online.visualstudio.com/api/v1/locations github-production-repository-image-32fea6.s3.amazonaws.com github-production-release-asset-2e65be.s3.amazonaws.com insights.github.com wss://alive.github.com; font-src github.githubassets.com; form-action 'self' github.com gist.github.com objects-origin.githubusercontent.com; frame-ancestors 'none'; frame-src render.githubusercontent.com viewscreen.githubusercontent.com notebooks.githubusercontent.com; img-src 'self' data: github.githubassets.com identicons.github.com github-cloud.s3.amazonaws.com secured-user-images.githubusercontent.com/ *.githubusercontent.com; manifest-src 'self'; media-src github.com user-images.githubusercontent.com/; script-src github.githubassets.com; style-src 'unsafe-inline' github.githubassets.com; worker-src github.com/assets-cdn/worker/ gist.github.com/assets-cdn/worker/","x-github-request-id":"4FA2:1175A:2DA47D5:2FAFA8D:6256A09B"}
[debug] [2022-04-13T10:06:22.276Z] >>> [apiv2][query] GET https://api.github.com/user [none]
[debug] [2022-04-13T10:06:31.277Z] <<< [apiv2][status] GET https://api.github.com/user 200
[debug] [2022-04-13T10:06:31.278Z] <<< [apiv2][body] GET https://api.github.com/user {"login":"ricardohoycode","id":94667856,"node_id":"U_kgDOBaSEUA","avatar_url":"https://avatars.githubusercontent.com/u/94667856?v=4","gravatar_id":"","url":"https://api.github.com/users/ricardohoycode","html_url":"https://github.com/ricardohoycode","followers_url":"https://api.github.com/users/ricardohoycode/followers","following_url":"https://api.github.com/users/ricardohoycode/following{/other_user}","gists_url":"https://api.github.com/users/ricardohoycode/gists{/gist_id}","starred_url":"https://api.github.com/users/ricardohoycode/starred{/owner}{/repo}","subscriptions_url":"https://api.github.com/users/ricardohoycode/subscriptions","organizations_url":"https://api.github.com/users/ricardohoycode/orgs","repos_url":"https://api.github.com/users/ricardohoycode/repos","events_url":"https://api.github.com/users/ricardohoycode/events{/privacy}","received_events_url":"https://api.github.com/users/ricardohoycode/received_events","type":"User","site_admin":false,"name":"Ricardo Martin Hoyos B.","company":"Berry Creativa","blog":"https://www.linkedin.com/in/ricardo-hoyos-249b24206/","location":"Iquitos, Perú","email":null,"hireable":null,"bio":"Hola, que tal aquí algunos proyectos si nesecitas alguno o si te interesa contactarme, me puedes escribir.\r\nrimaylu@gmail.com","twitter_username":"ricardohoycode","public_repos":10,"public_gists":0,"followers":0,"following":10,"created_at":"2021-11-19T05:08:59Z","updated_at":"2022-04-13T10:05:52Z","private_gists":0,"total_private_repos":0,"owned_private_repos":0,"disk_usage":47807,"collaborators":0,"two_factor_authentication":false,"plan":{"name":"free","space":976562499,"collaborators":0,"private_repos":10000}}
[info] 
[info] +  Success! Logged into GitHub as ricardohoycode 
[info] 
[debug] [2022-04-13T10:07:33.623Z] >>> [apiv2][query] GET https://api.github.com/repos/user/actions/secrets/public-key type=owner
[debug] [2022-04-13T10:07:39.034Z] <<< [apiv2][status] GET https://api.github.com/repos/user/actions/secrets/public-key 404
[debug] [2022-04-13T10:07:39.034Z] <<< [apiv2][body] GET https://api.github.com/repos/user/actions/secrets/public-key {"message":"Not Found","documentation_url":"https://docs.github.com/rest"}
[debug] [2022-04-13T10:12:06.891Z] >>> [apiv2][query] GET https://api.github.com/repos/user/actions/secrets/public-key type=owner
[debug] [2022-04-13T10:12:12.184Z] <<< [apiv2][status] GET https://api.github.com/repos/user/actions/secrets/public-key 404
[debug] [2022-04-13T10:12:12.184Z] <<< [apiv2][body] GET https://api.github.com/repos/user/actions/secrets/public-key {"message":"Not Found","documentation_url":"https://docs.github.com/rest"}
[debug] [2022-04-13T10:12:40.213Z] >>> [apiv2][query] GET https://api.github.com/repos/user/repository/actions/secrets/public-key type=owner
[debug] [2022-04-13T10:12:41.459Z] <<< [apiv2][status] GET https://api.github.com/repos/user/repository/actions/secrets/public-key 404
[debug] [2022-04-13T10:12:41.459Z] <<< [apiv2][body] GET https://api.github.com/repos/user/repository/actions/secrets/public-key {"message":"Not Found","documentation_url":"https://docs.github.com/rest/reference/actions#get-a-repository-public-key"}
[debug] [2022-04-13T10:13:27.079Z] >>> [apiv2][query] GET https://api.github.com/repos/n/actions/secrets/public-key type=owner
[debug] [2022-04-13T10:13:36.102Z] <<< [apiv2][status] GET https://api.github.com/repos/n/actions/secrets/public-key 404
[debug] [2022-04-13T10:13:36.103Z] <<< [apiv2][body] GET https://api.github.com/repos/n/actions/secrets/public-key {"message":"Not Found","documentation_url":"https://docs.github.com/rest"}
[debug] [2022-04-13T10:14:07.337Z] >>> [apiv2][query] GET https://api.github.com/repos/firebase deploy/actions/secrets/public-key type=owner
[debug] [2022-04-13T10:14:10.501Z] <<< [apiv2][status] GET https://api.github.com/repos/firebase deploy/actions/secrets/public-key 404
[debug] [2022-04-13T10:14:10.501Z] <<< [apiv2][body] GET https://api.github.com/repos/firebase deploy/actions/secrets/public-key {"message":"Not Found","documentation_url":"https://docs.github.com/rest"}
[debug] [2022-04-13T10:14:18.488Z] Error: kill ENOSYS
    at process.kill (node:internal/process/per_thread:220:13)
    at process.listener (C:\Users\rimay\AppData\Roaming\npm\node_modules\firebase-tools\node_modules\signal-exit\index.js:95:15)
    at process.emit (node:events:520:28)
[error] 
[error] Error: An unexpected error has occurred.
